TN:
SF:app.js
FN:11,(anonymous_0)
FN:16,(anonymous_1)
FN:24,(anonymous_2)
FN:34,soma
FN:39,validarEmail
FN:49,(anonymous_5)
FNF:6
FNH:4
FNDA:0,(anonymous_0)
FNDA:4,(anonymous_1)
FNDA:2,(anonymous_2)
FNDA:3,soma
FNDA:5,validarEmail
FNDA:0,(anonymous_5)
DA:1,1
DA:2,1
DA:3,1
DA:4,1
DA:7,1
DA:8,1
DA:11,1
DA:12,0
DA:16,1
DA:17,4
DA:24,1
DA:25,2
DA:30,2
DA:35,3
DA:40,5
DA:41,5
DA:45,1
DA:48,1
DA:49,0
DA:50,0
DA:51,0
DA:52,0
LF:22
LH:17
BRDA:4,0,0,1
BRDA:4,0,1,0
BRDA:48,1,0,0
BRDA:48,1,1,1
BRF:4
BRH:2
end_of_record
